0
63
95
128
199
226
271
284
327
395
400
451
503
512
548
623
655
657
690
748
781
831
863
858
912
950
979
1023
1047
1084
1092
1114
1183
1189
1216
1264
1299
1296
1324
1387
1380
1429
1479
1465
1521
1551
1541
1603
1639
1622
1664
1705
1696
1740
1767
1761
1839
1808
1879
1888
1927
1947
1938
1955
2023
2037
2034
2048
2101
2072
2147
2114
2148
2181
2230
2192
2269
2232
2311
2303
2288
2316
2377
2367
2368
2420
2451
2419
2471
2477
2488
2515
2493
2530
2577
2544
2584
2606
2592
2659

27
32
64
151
168
200
271
289
323
391
398
449
484
543
544
623
655
660
697
730
768
831
852
868
935
955
999
996
1030
1093
1127
1149
1152
1209
1237
1245
1283
1331
1328
1352
1386
1444
1440
1490
1534
1530
1544
1600
1615
1620
1687
1664
1733
1743
1748
1807
1792
1824
1855
1874
1925
1902
1971
1959
1984
2013
2009
2071
2079
2094
2143
2112
2168
2187
2196
2207
2232
2242
2266
2285
2304
2351
2324
2378
2362
2422
2431
2459
2426
2489
2479
2527
2496
2565
2587
2544
2581
2576
2602
2613

0
55
91
114
178
196
250
286
351
375
401
475
494
512
566
607
640
660
697
730
768
831
852
868
935
955
999
996
1030
1093
1127
1149
1152
1209
1237
1245
1283
1331
1328
1352
1386
1444
1440
1490
1534
1530
1544
1600
1615
1620
1687
1664
1733
1743
1748
1807
1792
1824
1855
1874
1925
1902
1971
1959
1984
2013
2009
2071
2079
2094
2143
2112
2168
2187
2196
2207
2232
2242
2266
2285
2304
2351
2324
2378
2362
2422
2431
2459
2426
2489
2479
2527
2496
2565
2587
2544
2581
2576
2602
